<?xml version="1.0" encoding="UTF-8"?>
<testsuite xmlns:xsi="http://www.w3.org/2001/XMLSchema-instance" xsi:noNamespaceSchemaLocation="https://maven.apache.org/surefire/maven-surefire-plugin/xsd/surefire-test-report-3.0.xsd" version="3.0" name="org.example.ChartMapperTest" time="0.585" tests="12" errors="0" skipped="0" failures="0">
  <properties>
[...]
</properties>
  <testcase name="mapNationalityDataToChart_EmptyList_ReturnsEmptyDataset" classname="org.example.ChartMapperTest" time="0.124"/>
  <testcase name="mapNationalityDataToChart_ParameterizedTests(List, String[], long[])[1]" classname="org.example.ChartMapperTest" time="0.103"/>
  <testcase name="mapNationalityDataToChart_ParameterizedTests(List, String[], long[])[2]" classname="org.example.ChartMapperTest" time="0.003"/>
  <testcase name="mapNationalityDataToChart_ParameterizedTests(List, String[], long[])[3]" classname="org.example.ChartMapperTest" time="0.004"/>
  <testcase name="mapNationalityDataToChart_CaseSensitiveNationalities_TreatsAsDifferent" classname="org.example.ChartMapperTest" time="0.003"/>
  <testcase name="mapNationalityDataToChart_NullAndEmptyNationalities_HandlesCorrectly" classname="org.example.ChartMapperTest" time="0.002"/>
  <testcase name="mapNationalityDataToChart_MultiplePlayersSameNationality_ReturnsAggregatedCount" classname="org.example.ChartMapperTest" time="0.002"/>
  <testcase name="mapNationalityDataToChart_MultiplePlayersDifferentNationalities_ReturnsCorrectDataset" classname="org.example.ChartMapperTest" time="0.002"/>
  <testcase name="mapNationalityDataToChart_LargeDataset_ReturnsCorrectDataset" classname="org.example.ChartMapperTest" time="0.002"/>
  <testcase name="mapNationalityDataToChart_SinglePlayer_ReturnsDatasetWithOneEntry" classname="org.example.ChartMapperTest" time="0.003"/>
  <testcase name="mapNationalityDataToChart_DoesNotModifyOriginalList" classname="org.example.ChartMapperTest" time="0.002"/>
  <testcase name="mapNationalityDataToChart_ReturnsCorrectType" classname="org.example.ChartMapperTest" time="0.003"/>
</testsuite>